<?xml version="1.0" encoding="UTF-8"?>
<testng-results ignored="0" total="1" passed="1" failed="0" skipped="0">
  <reporter-output>
  </reporter-output>
  <suite started-at="2024-07-28T15:36:33 GST" name="Default suite" finished-at="2024-07-28T15:36:33 GST" duration-ms="33">
    <groups>
    </groups>
    <test started-at="2024-07-28T15:36:33 GST" name="Default test" finished-at="2024-07-28T15:36:33 GST" duration-ms="33">
      <class name="testngPack.BasicsVersion1">
        <test-method signature="projectDemo()[pri:0, instance:testngPack.BasicsVersion1@2473d930]" started-at="2024-07-28T15:36:33 GST" name="projectDemo" finished-at="2024-07-28T15:36:33 GST" duration-ms="8" status="PASS">
          <reporter-output>
          </reporter-output>
        </test-method> <!-- projectDemo -->
      </class> <!-- testngPack.BasicsVersion1 -->
    </test> <!-- Default test -->
  </suite> <!-- Default suite -->
</testng-results>
